<?xml version="1.0" encoding="UTF-8"?>
<!-- Generated by org.testng.reporters.JUnitXMLReporter -->
<testsuite hostname="PURNA-PC" ignored="8" name="Default test" tests="12" failures="0" timestamp="24 Nov 2019 21:47:51 GMT" time="9.867" errors="0">
  <testcase name="titleVerification" time="0.017" classname="com.tootris.testcases.TC_001_Homepage_Attributes"/>
  <testcase name="verifyHomePagewhytootrisAttribute" time="0.309" classname="com.tootris.testcases.TC_001_Homepage_Attributes"/>
  <testcase name="verifyHomePageaboutusAttribute" time="0.072" classname="com.tootris.testcases.TC_001_Homepage_Attributes"/>
  <testcase name="verifyHomePageloginAttribute" time="0.055" classname="com.tootris.testcases.TC_001_Homepage_Attributes"/>
  <testcase name="verifyHomepagesignup" time="0.057" classname="com.tootris.testcases.TC_001_Homepage_Attributes"/>
  <testcase name="verifyHomePagehelpAttribute" time="0.058" classname="com.tootris.testcases.TC_001_Homepage_Attributes"/>
  <testcase name="verifyHomePageappstoreAttribute" time="0.056" classname="com.tootris.testcases.TC_001_Homepage_Attributes"/>
  <testcase name="verifyHomePageplaystoreAttribute" time="0.046" classname="com.tootris.testcases.TC_001_Homepage_Attributes"/>
  <testcase name="dateverification" time="0.39" classname="com.tootris.testcases.TC_001_Homepage_Attributes"/>
  <testcase name="Locations" time="7.57" classname="com.tootris.testcases.TC_002_Homepage_Locations"/>
  <testcase name="popularsection" time="0.705" classname="com.tootris.testcases.TC_003_Homepage_Popularsection"/>
  <testcase name="addsections" time="0.474" classname="com.tootris.testcases.TC_004_HomepageAddsection1"/>
  <testcase name="@AfterSuite tearDown" time="0.0" classname="com.tootris.testcases.BaseClass">
    <ignored/>
  </testcase> <!-- @AfterSuite tearDown -->
  <testcase name="@AfterSuite tearDown" time="0.0" classname="com.tootris.testcases.BaseClass">
    <ignored/>
  </testcase> <!-- @AfterSuite tearDown -->
  <testcase name="@AfterSuite tearDown" time="0.0" classname="com.tootris.testcases.BaseClass">
    <ignored/>
  </testcase> <!-- @AfterSuite tearDown -->
  <testcase name="@AfterSuite tearDown" time="0.0" classname="com.tootris.testcases.BaseClass">
    <ignored/>
  </testcase> <!-- @AfterSuite tearDown -->
  <testcase name="@BeforeSuite setUp" time="0.0" classname="com.tootris.testcases.BaseClass">
    <ignored/>
  </testcase> <!-- @BeforeSuite setUp -->
  <testcase name="@BeforeSuite setUp" time="0.0" classname="com.tootris.testcases.BaseClass">
    <ignored/>
  </testcase> <!-- @BeforeSuite setUp -->
  <testcase name="@BeforeSuite setUp" time="0.0" classname="com.tootris.testcases.BaseClass">
    <ignored/>
  </testcase> <!-- @BeforeSuite setUp -->
  <testcase name="@BeforeSuite setUp" time="0.0" classname="com.tootris.testcases.BaseClass">
    <ignored/>
  </testcase> <!-- @BeforeSuite setUp -->
</testsuite> <!-- Default test -->
