<?xml version="1.0" encoding="UTF-8"?>
<!-- Generated by org.testng.reporters.JUnitXMLReporter -->
<testsuite hostname="PURNA-PC" ignored="6" name="TOOTRiS_automation test" tests="12" failures="0" timestamp="24 Nov 2019 21:56:12 GMT" time="11.564" errors="0">
  <testcase name="titleVerification" time="0.045" classname="com.tootris.testcases.TC_001_Homepage_Attributes"/>
  <testcase name="verifyHomePagewhytootrisAttribute" time="0.142" classname="com.tootris.testcases.TC_001_Homepage_Attributes"/>
  <testcase name="verifyHomePageaboutusAttribute" time="0.084" classname="com.tootris.testcases.TC_001_Homepage_Attributes"/>
  <testcase name="verifyHomePageloginAttribute" time="0.085" classname="com.tootris.testcases.TC_001_Homepage_Attributes"/>
  <testcase name="verifyHomepagesignup" time="0.064" classname="com.tootris.testcases.TC_001_Homepage_Attributes"/>
  <testcase name="verifyHomePagehelpAttribute" time="0.069" classname="com.tootris.testcases.TC_001_Homepage_Attributes"/>
  <testcase name="verifyHomePageappstoreAttribute" time="0.046" classname="com.tootris.testcases.TC_001_Homepage_Attributes"/>
  <testcase name="verifyHomePageplaystoreAttribute" time="0.048" classname="com.tootris.testcases.TC_001_Homepage_Attributes"/>
  <testcase name="dateverification" time="0.387" classname="com.tootris.testcases.TC_001_Homepage_Attributes"/>
  <testcase name="Locations" time="7.574" classname="com.tootris.testcases.TC_002_Homepage_Locations"/>
  <testcase name="popularsection" time="1.248" classname="com.tootris.testcases.TC_003_Homepage_Popularsection"/>
  <testcase name="addsections" time="0.481" classname="com.tootris.testcases.TC_004_HomepageAddsection1"/>
  <testcase name="@AfterSuite tearDown" time="0.0" classname="com.tootris.testcases.BaseClass">
    <ignored/>
  </testcase> <!-- @AfterSuite tearDown -->
  <testcase name="@AfterSuite tearDown" time="0.0" classname="com.tootris.testcases.BaseClass">
    <ignored/>
  </testcase> <!-- @AfterSuite tearDown -->
  <testcase name="@AfterSuite tearDown" time="0.0" classname="com.tootris.testcases.BaseClass">
    <ignored/>
  </testcase> <!-- @AfterSuite tearDown -->
  <testcase name="@BeforeSuite setUp" time="0.0" classname="com.tootris.testcases.BaseClass">
    <ignored/>
  </testcase> <!-- @BeforeSuite setUp -->
  <testcase name="@BeforeSuite setUp" time="0.0" classname="com.tootris.testcases.BaseClass">
    <ignored/>
  </testcase> <!-- @BeforeSuite setUp -->
  <testcase name="@BeforeSuite setUp" time="0.0" classname="com.tootris.testcases.BaseClass">
    <ignored/>
  </testcase> <!-- @BeforeSuite setUp -->
</testsuite> <!-- TOOTRiS_automation test -->
